0 verbose cli /opt/homebrew/Cellar/node/23.6.1/bin/node /opt/homebrew/bin/npm
1 info using npm@11.4.2
2 info using node@v23.6.1
3 silly config load:file:/opt/homebrew/lib/node_modules/npm/npmrc
4 silly config load:file:/Users/Mukul/Documents/GitHub/2026 projects/5_idea2app/.npmrc
5 silly config load:file:/Users/Mukul/.npmrc
6 silly config load:file:/opt/homebrew/etc/npmrc
7 verbose title npm install
8 verbose argv "install"
9 verbose logfile logs-max:10 dir:/Users/Mukul/Documents/GitHub/2026 projects/5_idea2app/.npm-cache/_logs/2026-02-15T23_26_38_471Z-
10 verbose logfile /Users/Mukul/Documents/GitHub/2026 projects/5_idea2app/.npm-cache/_logs/2026-02-15T23_26_38_471Z-debug-0.log
11 silly logfile start cleaning logs, removing 1 files
12 silly packumentCache heap:4345298944 maxSize:1086324736 maxEntrySize:543162368
13 silly logfile done cleaning log files
14 silly idealTree buildDeps
15 silly reify moves {}
16 verbose stack Error: EPERM: operation not permitted, mkdir '/Users/Mukul/Documents/GitHub/2026 projects/5_idea2app/node_modules'
16 verbose stack     at async mkdir (node:internal/fs/promises:858:10)
16 verbose stack     at async /opt/homebrew/lib/node_modules/npm/node_modules/@npmcli/arborist/lib/arborist/reify.js:639:20
16 verbose stack     at async Promise.allSettled (index 0)
16 verbose stack     at async [reifyPackages] (/opt/homebrew/lib/node_modules/npm/node_modules/@npmcli/arborist/lib/arborist/reify.js:337:11)
16 verbose stack     at async Arborist.reify (/opt/homebrew/lib/node_modules/npm/node_modules/@npmcli/arborist/lib/arborist/reify.js:142:5)
16 verbose stack     at async Install.exec (/opt/homebrew/lib/node_modules/npm/lib/commands/install.js:149:5)
16 verbose stack     at async Npm.exec (/opt/homebrew/lib/node_modules/npm/lib/npm.js:208:9)
16 verbose stack     at async module.exports (/opt/homebrew/lib/node_modules/npm/lib/cli/entry.js:67:5)
17 error code EPERM
18 error syscall mkdir
19 error path /Users/Mukul/Documents/GitHub/2026 projects/5_idea2app/node_modules
20 error errno -1
21 error Error: EPERM: operation not permitted, mkdir '/Users/Mukul/Documents/GitHub/2026 projects/5_idea2app/node_modules'
21 error     at async mkdir (node:internal/fs/promises:858:10)
21 error     at async /opt/homebrew/lib/node_modules/npm/node_modules/@npmcli/arborist/lib/arborist/reify.js:639:20
21 error     at async Promise.allSettled (index 0)
21 error     at async [reifyPackages] (/opt/homebrew/lib/node_modules/npm/node_modules/@npmcli/arborist/lib/arborist/reify.js:337:11)
21 error     at async Arborist.reify (/opt/homebrew/lib/node_modules/npm/node_modules/@npmcli/arborist/lib/arborist/reify.js:142:5)
21 error     at async Install.exec (/opt/homebrew/lib/node_modules/npm/lib/commands/install.js:149:5)
21 error     at async Npm.exec (/opt/homebrew/lib/node_modules/npm/lib/npm.js:208:9)
21 error     at async module.exports (/opt/homebrew/lib/node_modules/npm/lib/cli/entry.js:67:5) {
21 error   errno: -1,
21 error   code: 'EPERM',
21 error   syscall: 'mkdir',
21 error   path: '/Users/Mukul/Documents/GitHub/2026 projects/5_idea2app/node_modules'
21 error }
22 error
22 error The operation was rejected by your operating system.
22 error It is likely you do not have the permissions to access this file as the current user
22 error
22 error If you believe this might be a permissions issue, please double-check the
22 error permissions of the file and its containing directories, or try running
22 error the command again as root/Administrator.
23 silly unfinished npm timer reify 1771197998712
24 silly unfinished npm timer reify:createSparse 1771197998873
25 verbose cwd /Users/Mukul/Documents/GitHub/2026 projects/5_idea2app
26 verbose os Darwin 25.2.0
27 verbose node v23.6.1
28 verbose npm  v11.4.2
29 verbose exit -1
30 verbose code -1
31 error A complete log of this run can be found in: /Users/Mukul/Documents/GitHub/2026 projects/5_idea2app/.npm-cache/_logs/2026-02-15T23_26_38_471Z-debug-0.log
